
**** Clean-only build of configuration Debug for project KeyLed ****

"D:\\CCS_Softeware\\ccs\\utils\\bin\\gmake" -k -j 16 clean -O 
 
DEL /F  "KeyLed.out" 
DEL /F "main.obj" "HARDWARE\led.obj" 
DEL /F "main.d" "HARDWARE\led.d" 
Finished clean
 

**** Build Finished ****

**** Build of configuration Debug for project KeyLed ****

"D:\\CCS_Softeware\\ccs\\utils\\bin\\gmake" -k -j 16 all -O 
 
Building file: "../HARDWARE/led.c"
Invoking: MSP430 Compiler
"D:/CCS_Softeware/ccs/tools/compiler/ti-cgt-msp430_21.6.1.LTS/bin/cl430" -vmspx --data_model=restricted --use_hw_mpy=F5 --include_path="D:/CCS_Softeware/ccs/ccs_base/msp430/include" --include_path="E:/MSP430Practice/KeyLed/KeyLed" --include_path="D:/CCS_Softeware/ccs/tools/compiler/ti-cgt-msp430_21.6.1.LTS/include" --advice:power=all --define=__MSP430F5529__ -g --printf_support=minimal --diag_warning=225 --diag_wrap=off --display_error_number --silicon_errata=CPU21 --silicon_errata=CPU22 --silicon_errata=CPU23 --silicon_errata=CPU40 --preproc_with_compile --preproc_dependency="HARDWARE/led.d_raw" --obj_directory="HARDWARE"  "../HARDWARE/led.c"
Finished building: "../HARDWARE/led.c"
 
Building file: "../main.c"
Invoking: MSP430 Compiler
"D:/CCS_Softeware/ccs/tools/compiler/ti-cgt-msp430_21.6.1.LTS/bin/cl430" -vmspx --data_model=restricted --use_hw_mpy=F5 --include_path="D:/CCS_Softeware/ccs/ccs_base/msp430/include" --include_path="E:/MSP430Practice/KeyLed/KeyLed" --include_path="D:/CCS_Softeware/ccs/tools/compiler/ti-cgt-msp430_21.6.1.LTS/include" --advice:power=all --define=__MSP430F5529__ -g --printf_support=minimal --diag_warning=225 --diag_wrap=off --display_error_number --silicon_errata=CPU21 --silicon_errata=CPU22 --silicon_errata=CPU23 --silicon_errata=CPU40 --preproc_with_compile --preproc_dependency="main.d_raw"  "../main.c"
Finished building: "../main.c"
 
Building target: "KeyLed.out"
Invoking: MSP430 Linker
"D:/CCS_Softeware/ccs/tools/compiler/ti-cgt-msp430_21.6.1.LTS/bin/cl430" -vmspx --data_model=restricted --use_hw_mpy=F5 --advice:power=all --define=__MSP430F5529__ -g --printf_support=minimal --diag_warning=225 --diag_wrap=off --display_error_number --silicon_errata=CPU21 --silicon_errata=CPU22 --silicon_errata=CPU23 --silicon_errata=CPU40 -z -m"KeyLed.map" --heap_size=160 --stack_size=160 --cinit_hold_wdt=on -i"D:/CCS_Softeware/ccs/ccs_base/msp430/include" -i"D:/CCS_Softeware/ccs/ccs_base/msp430/lib/5xx_6xx_FRxx" -i"D:/CCS_Softeware/ccs/tools/compiler/ti-cgt-msp430_21.6.1.LTS/lib" -i"D:/CCS_Softeware/ccs/tools/compiler/ti-cgt-msp430_21.6.1.LTS/include" --reread_libs --diag_wrap=off --display_error_number --warn_sections --xml_link_info="KeyLed_linkInfo.xml" --use_hw_mpy=F5 --rom_model -o "KeyLed.out" "./main.obj" "./HARDWARE/led.obj" "../lnk_msp430f5529.cmd"  -llibmath.a -llibc.a 
<Linking>
remark #10371-D: (ULP 1.1) Detected no uses of low power mode state changing instructions
remark #10372-D: (ULP 4.1) Detected uninitialized Port A in this project. Recommend initializing all unused ports to eliminate wasted current consumption on unused pins.
remark #10372-D: (ULP 4.1) Detected uninitialized Port B in this project. Recommend initializing all unused ports to eliminate wasted current consumption on unused pins.
remark #10372-D: (ULP 4.1) Detected uninitialized Port C in this project. Recommend initializing all unused ports to eliminate wasted current consumption on unused pins.
remark #10372-D: (ULP 4.1) Detected uninitialized Port D in this project. Recommend initializing all unused ports to eliminate wasted current consumption on unused pins.
Finished building target: "KeyLed.out"
 

**** Build Finished ****

**** Clean-only build of configuration Debug for project ExternalInterrupt ****

"D:\\CCS_Softeware\\ccs\\utils\\bin\\gmake" -k -j 16 clean -O 
 
DEL /F  "KeyLed.out" 
DEL /F "main.obj" "HARDWARE\led.obj" 
DEL /F "main.d" "HARDWARE\led.d" 
Finished clean
 

**** Build Finished ****

**** Build of configuration Debug for project ExternalInterrupt ****

"D:\\CCS_Softeware\\ccs\\utils\\bin\\gmake" -k -j 16 all -O 
 
Building file: "../main.c"
Invoking: MSP430 Compiler
"D:/CCS_Softeware/ccs/tools/compiler/ti-cgt-msp430_21.6.1.LTS/bin/cl430" -vmspx --data_model=restricted --use_hw_mpy=F5 --include_path="D:/CCS_Softeware/ccs/ccs_base/msp430/include" --include_path="E:/MSP430Practice/ExternalInterrupt/ExternalInterrupt" --include_path="D:/CCS_Softeware/ccs/tools/compiler/ti-cgt-msp430_21.6.1.LTS/include" --advice:power=all --define=__MSP430F5529__ -g --printf_support=minimal --diag_warning=225 --diag_wrap=off --display_error_number --silicon_errata=CPU21 --silicon_errata=CPU22 --silicon_errata=CPU23 --silicon_errata=CPU40 --preproc_with_compile --preproc_dependency="main.d_raw"  "../main.c"
"../main.c", line 27: remark #1530-D: (ULP 5.1) Detected modulo operation(s). Recommend moving them to RAM during run time or not using as these are processing/power intensive
"../main.c", line 39: warning #552-D: variable "temp" was set but never used
"../main.c", line 40: remark #1527-D: (ULP 2.1) Detected SW delay loop using __delay_cycles. Recommend using a timer module instead
Finished building: "../main.c"
 
Building target: "ExternalInterrupt.out"
Invoking: MSP430 Linker
"D:/CCS_Softeware/ccs/tools/compiler/ti-cgt-msp430_21.6.1.LTS/bin/cl430" -vmspx --data_model=restricted --use_hw_mpy=F5 --advice:power=all --define=__MSP430F5529__ -g --printf_support=minimal --diag_warning=225 --diag_wrap=off --display_error_number --silicon_errata=CPU21 --silicon_errata=CPU22 --silicon_errata=CPU23 --silicon_errata=CPU40 -z -m"ExternalInterrupt.map" --heap_size=160 --stack_size=160 --cinit_hold_wdt=on -i"D:/CCS_Softeware/ccs/ccs_base/msp430/include" -i"D:/CCS_Softeware/ccs/ccs_base/msp430/lib/5xx_6xx_FRxx" -i"D:/CCS_Softeware/ccs/tools/compiler/ti-cgt-msp430_21.6.1.LTS/lib" -i"D:/CCS_Softeware/ccs/tools/compiler/ti-cgt-msp430_21.6.1.LTS/include" --reread_libs --diag_wrap=off --display_error_number --warn_sections --xml_link_info="ExternalInterrupt_linkInfo.xml" --use_hw_mpy=F5 --rom_model -o "ExternalInterrupt.out" "./main.obj" "../lnk_msp430f5529.cmd"  -llibmath.a -llibc.a 
<Linking>
remark #10371-D: (ULP 1.1) Detected no uses of low power mode state changing instructions
remark #10372-D: (ULP 4.1) Detected uninitialized Port B in this project. Recommend initializing all unused ports to eliminate wasted current consumption on unused pins.
remark #10372-D: (ULP 4.1) Detected uninitialized Port C in this project. Recommend initializing all unused ports to eliminate wasted current consumption on unused pins.
remark #10372-D: (ULP 4.1) Detected uninitialized Port D in this project. Recommend initializing all unused ports to eliminate wasted current consumption on unused pins.
Finished building target: "ExternalInterrupt.out"
 

**** Build Finished ****

**** Build of configuration Debug for project BreathingLights ****

"D:\\CCS_Softeware\\ccs\\utils\\bin\\gmake" -k -j 16 all -O 
 
Building file: "../main.c"
Invoking: MSP430 Compiler
"D:/CCS_Softeware/ccs/tools/compiler/ti-cgt-msp430_21.6.1.LTS/bin/cl430" -vmspx --data_model=restricted --use_hw_mpy=F5 --include_path="D:/CCS_Softeware/ccs/ccs_base/msp430/include" --include_path="E:/MSP430Practice/BreathingLights/BreathingLights" --include_path="D:/CCS_Softeware/ccs/tools/compiler/ti-cgt-msp430_21.6.1.LTS/include" --advice:power=all --define=__MSP430F5529__ -g --printf_support=minimal --diag_warning=225 --diag_wrap=off --display_error_number --silicon_errata=CPU21 --silicon_errata=CPU22 --silicon_errata=CPU23 --silicon_errata=CPU40 --preproc_with_compile --preproc_dependency="main.d_raw"  "../main.c"
"../main.c", line 26: remark #1527-D: (ULP 2.1) Detected SW delay loop using __delay_cycles. Recommend using a timer module instead
"../main.c", line 31: remark #1527-D: (ULP 2.1) Detected SW delay loop using __delay_cycles. Recommend using a timer module instead
"../main.c", line 10: remark #1535-D: (ULP 8.1) variable "PWMPeriod" is used as a constant. Recommend declaring variable as either 'static const' or 'const'
Finished building: "../main.c"
 
Building target: "BreathingLights.out"
Invoking: MSP430 Linker
"D:/CCS_Softeware/ccs/tools/compiler/ti-cgt-msp430_21.6.1.LTS/bin/cl430" -vmspx --data_model=restricted --use_hw_mpy=F5 --advice:power=all --define=__MSP430F5529__ -g --printf_support=minimal --diag_warning=225 --diag_wrap=off --display_error_number --silicon_errata=CPU21 --silicon_errata=CPU22 --silicon_errata=CPU23 --silicon_errata=CPU40 -z -m"BreathingLights.map" --heap_size=160 --stack_size=160 --cinit_hold_wdt=on -i"D:/CCS_Softeware/ccs/ccs_base/msp430/include" -i"D:/CCS_Softeware/ccs/ccs_base/msp430/lib/5xx_6xx_FRxx" -i"D:/CCS_Softeware/ccs/tools/compiler/ti-cgt-msp430_21.6.1.LTS/lib" -i"D:/CCS_Softeware/ccs/tools/compiler/ti-cgt-msp430_21.6.1.LTS/include" --reread_libs --diag_wrap=off --display_error_number --warn_sections --xml_link_info="BreathingLights_linkInfo.xml" --use_hw_mpy=F5 --rom_model -o "BreathingLights.out" "./main.obj" "../lnk_msp430f5529.cmd"  -llibmath.a -llibc.a 
<Linking>
remark #10371-D: (ULP 1.1) Detected no uses of low power mode state changing instructions
remark #10372-D: (ULP 4.1) Detected uninitialized Port A in this project. Recommend initializing all unused ports to eliminate wasted current consumption on unused pins.
remark #10372-D: (ULP 4.1) Detected uninitialized Port B in this project. Recommend initializing all unused ports to eliminate wasted current consumption on unused pins.
remark #10372-D: (ULP 4.1) Detected uninitialized Port C in this project. Recommend initializing all unused ports to eliminate wasted current consumption on unused pins.
remark #10372-D: (ULP 4.1) Detected uninitialized Port D in this project. Recommend initializing all unused ports to eliminate wasted current consumption on unused pins.
Finished building target: "BreathingLights.out"
 

**** Build Finished ****

**** Build of configuration Debug for project BreathingLights ****

"D:\\CCS_Softeware\\ccs\\utils\\bin\\gmake" -k -j 16 all -O 
 
gmake[1]: 'BreathingLights.out' is up to date.

**** Build Finished ****

**** Clean-only build of configuration Debug for project BreathingLights_2 ****

"D:\\CCS_Softeware\\ccs\\utils\\bin\\gmake" -k -j 16 clean -O 
 
DEL /F  "BreathingLights.out" 
DEL /F "main.obj" 
DEL /F "main.d" 
Finished clean
 

**** Build Finished ****

**** Build of configuration Debug for project BreathingLights_2 ****

"D:\\CCS_Softeware\\ccs\\utils\\bin\\gmake" -k -j 16 all -O 
 
Building file: "../main.c"
Invoking: MSP430 Compiler
"D:/CCS_Softeware/ccs/tools/compiler/ti-cgt-msp430_21.6.1.LTS/bin/cl430" -vmspx --data_model=restricted --use_hw_mpy=F5 --include_path="D:/CCS_Softeware/ccs/ccs_base/msp430/include" --include_path="E:/MSP430Practice/BreathingLights_2/BreathingLights_2" --include_path="D:/CCS_Softeware/ccs/tools/compiler/ti-cgt-msp430_21.6.1.LTS/include" --advice:power=all --define=__MSP430F5529__ -g --printf_support=minimal --diag_warning=225 --diag_wrap=off --display_error_number --silicon_errata=CPU21 --silicon_errata=CPU22 --silicon_errata=CPU23 --silicon_errata=CPU40 --preproc_with_compile --preproc_dependency="main.d_raw"  "../main.c"
"../main.c", line 10: warning #179-D: variable "PWMPeriod" was declared but never referenced
"../main.c", line 11: warning #179-D: variable "i" was declared but never referenced
"../main.c", line 10: remark #1535-D: (ULP 8.1) variable "PWMPeriod" is used as a constant. Recommend declaring variable as either 'static const' or 'const'
"../main.c", line 11: remark #1535-D: (ULP 8.1) variable "i" is used as a constant. Recommend declaring variable as either 'static const' or 'const'
Finished building: "../main.c"
 
Building target: "BreathingLights_2.out"
Invoking: MSP430 Linker
"D:/CCS_Softeware/ccs/tools/compiler/ti-cgt-msp430_21.6.1.LTS/bin/cl430" -vmspx --data_model=restricted --use_hw_mpy=F5 --advice:power=all --define=__MSP430F5529__ -g --printf_support=minimal --diag_warning=225 --diag_wrap=off --display_error_number --silicon_errata=CPU21 --silicon_errata=CPU22 --silicon_errata=CPU23 --silicon_errata=CPU40 -z -m"BreathingLights_2.map" --heap_size=160 --stack_size=160 --cinit_hold_wdt=on -i"D:/CCS_Softeware/ccs/ccs_base/msp430/include" -i"D:/CCS_Softeware/ccs/ccs_base/msp430/lib/5xx_6xx_FRxx" -i"D:/CCS_Softeware/ccs/tools/compiler/ti-cgt-msp430_21.6.1.LTS/lib" -i"D:/CCS_Softeware/ccs/tools/compiler/ti-cgt-msp430_21.6.1.LTS/include" --reread_libs --diag_wrap=off --display_error_number --warn_sections --xml_link_info="BreathingLights_2_linkInfo.xml" --use_hw_mpy=F5 --rom_model -o "BreathingLights_2.out" "./main.obj" "../lnk_msp430f5529.cmd"  -llibmath.a -llibc.a 
<Linking>
remark #10371-D: (ULP 1.1) Detected no uses of low power mode state changing instructions
remark #10372-D: (ULP 4.1) Detected uninitialized Port A in this project. Recommend initializing all unused ports to eliminate wasted current consumption on unused pins.
remark #10372-D: (ULP 4.1) Detected uninitialized Port B in this project. Recommend initializing all unused ports to eliminate wasted current consumption on unused pins.
remark #10372-D: (ULP 4.1) Detected uninitialized Port C in this project. Recommend initializing all unused ports to eliminate wasted current consumption on unused pins.
remark #10372-D: (ULP 4.1) Detected uninitialized Port D in this project. Recommend initializing all unused ports to eliminate wasted current consumption on unused pins.
Finished building target: "BreathingLights_2.out"
 

**** Build Finished ****

**** Build of configuration Debug for project BreathingLights_2 ****

"D:\\CCS_Softeware\\ccs\\utils\\bin\\gmake" -k -j 16 all -O 
 
gmake[1]: 'BreathingLights_2.out' is up to date.

**** Build Finished ****

**** Build of configuration Debug for project BreathingLights_2 ****

"D:\\CCS_Softeware\\ccs\\utils\\bin\\gmake" -k -j 16 all -O 
 
Building file: "../main.c"
Invoking: MSP430 Compiler
"D:/CCS_Softeware/ccs/tools/compiler/ti-cgt-msp430_21.6.1.LTS/bin/cl430" -vmspx --data_model=restricted --use_hw_mpy=F5 --include_path="D:/CCS_Softeware/ccs/ccs_base/msp430/include" --include_path="E:/MSP430Practice/BreathingLights_2/BreathingLights_2" --include_path="D:/CCS_Softeware/ccs/tools/compiler/ti-cgt-msp430_21.6.1.LTS/include" --advice:power=all --define=__MSP430F5529__ -g --printf_support=minimal --diag_warning=225 --diag_wrap=off --display_error_number --silicon_errata=CPU21 --silicon_errata=CPU22 --silicon_errata=CPU23 --silicon_errata=CPU40 --preproc_with_compile --preproc_dependency="main.d_raw"  "../main.c"
"../main.c", line 10: warning #179-D: variable "PWMPeriod" was declared but never referenced
"../main.c", line 11: warning #179-D: variable "i" was declared but never referenced
"../main.c", line 10: remark #1535-D: (ULP 8.1) variable "PWMPeriod" is used as a constant. Recommend declaring variable as either 'static const' or 'const'
"../main.c", line 11: remark #1535-D: (ULP 8.1) variable "i" is used as a constant. Recommend declaring variable as either 'static const' or 'const'
Finished building: "../main.c"
 
Building target: "BreathingLights_2.out"
Invoking: MSP430 Linker
"D:/CCS_Softeware/ccs/tools/compiler/ti-cgt-msp430_21.6.1.LTS/bin/cl430" -vmspx --data_model=restricted --use_hw_mpy=F5 --advice:power=all --define=__MSP430F5529__ -g --printf_support=minimal --diag_warning=225 --diag_wrap=off --display_error_number --silicon_errata=CPU21 --silicon_errata=CPU22 --silicon_errata=CPU23 --silicon_errata=CPU40 -z -m"BreathingLights_2.map" --heap_size=160 --stack_size=160 --cinit_hold_wdt=on -i"D:/CCS_Softeware/ccs/ccs_base/msp430/include" -i"D:/CCS_Softeware/ccs/ccs_base/msp430/lib/5xx_6xx_FRxx" -i"D:/CCS_Softeware/ccs/tools/compiler/ti-cgt-msp430_21.6.1.LTS/lib" -i"D:/CCS_Softeware/ccs/tools/compiler/ti-cgt-msp430_21.6.1.LTS/include" --reread_libs --diag_wrap=off --display_error_number --warn_sections --xml_link_info="BreathingLights_2_linkInfo.xml" --use_hw_mpy=F5 --rom_model -o "BreathingLights_2.out" "./main.obj" "../lnk_msp430f5529.cmd"  -llibmath.a -llibc.a 
<Linking>
remark #10371-D: (ULP 1.1) Detected no uses of low power mode state changing instructions
remark #10372-D: (ULP 4.1) Detected uninitialized Port A in this project. Recommend initializing all unused ports to eliminate wasted current consumption on unused pins.
remark #10372-D: (ULP 4.1) Detected uninitialized Port B in this project. Recommend initializing all unused ports to eliminate wasted current consumption on unused pins.
remark #10372-D: (ULP 4.1) Detected uninitialized Port C in this project. Recommend initializing all unused ports to eliminate wasted current consumption on unused pins.
remark #10372-D: (ULP 4.1) Detected uninitialized Port D in this project. Recommend initializing all unused ports to eliminate wasted current consumption on unused pins.
Finished building target: "BreathingLights_2.out"
 

**** Build Finished ****

**** Build of configuration Debug for project BreathingLights_2 ****

"D:\\CCS_Softeware\\ccs\\utils\\bin\\gmake" -k -j 16 all -O 
 
gmake[1]: 'BreathingLights_2.out' is up to date.

**** Build Finished ****

**** Build of configuration Debug for project BreathingLights_2 ****

"D:\\CCS_Softeware\\ccs\\utils\\bin\\gmake" -k -j 16 all -O 
 
gmake[1]: 'BreathingLights_2.out' is up to date.

**** Build Finished ****

**** Build of configuration Debug for project BreathingLights_2 ****

"D:\\CCS_Softeware\\ccs\\utils\\bin\\gmake" -k -j 16 all -O 
 
Building file: "../main.c"
Invoking: MSP430 Compiler
"D:/CCS_Softeware/ccs/tools/compiler/ti-cgt-msp430_21.6.1.LTS/bin/cl430" -vmspx --data_model=restricted --use_hw_mpy=F5 --include_path="D:/CCS_Softeware/ccs/ccs_base/msp430/include" --include_path="E:/MSP430Practice/BreathingLights_2/BreathingLights_2" --include_path="D:/CCS_Softeware/ccs/tools/compiler/ti-cgt-msp430_21.6.1.LTS/include" --advice:power=all --define=__MSP430F5529__ -g --printf_support=minimal --diag_warning=225 --diag_wrap=off --display_error_number --silicon_errata=CPU21 --silicon_errata=CPU22 --silicon_errata=CPU23 --silicon_errata=CPU40 --preproc_with_compile --preproc_dependency="main.d_raw"  "../main.c"
"../main.c", line 10: warning #179-D: variable "PWMPeriod" was declared but never referenced
"../main.c", line 11: warning #179-D: variable "i" was declared but never referenced
"../main.c", line 10: remark #1535-D: (ULP 8.1) variable "PWMPeriod" is used as a constant. Recommend declaring variable as either 'static const' or 'const'
"../main.c", line 11: remark #1535-D: (ULP 8.1) variable "i" is used as a constant. Recommend declaring variable as either 'static const' or 'const'
Finished building: "../main.c"
 
Building target: "BreathingLights_2.out"
Invoking: MSP430 Linker
"D:/CCS_Softeware/ccs/tools/compiler/ti-cgt-msp430_21.6.1.LTS/bin/cl430" -vmspx --data_model=restricted --use_hw_mpy=F5 --advice:power=all --define=__MSP430F5529__ -g --printf_support=minimal --diag_warning=225 --diag_wrap=off --display_error_number --silicon_errata=CPU21 --silicon_errata=CPU22 --silicon_errata=CPU23 --silicon_errata=CPU40 -z -m"BreathingLights_2.map" --heap_size=160 --stack_size=160 --cinit_hold_wdt=on -i"D:/CCS_Softeware/ccs/ccs_base/msp430/include" -i"D:/CCS_Softeware/ccs/ccs_base/msp430/lib/5xx_6xx_FRxx" -i"D:/CCS_Softeware/ccs/tools/compiler/ti-cgt-msp430_21.6.1.LTS/lib" -i"D:/CCS_Softeware/ccs/tools/compiler/ti-cgt-msp430_21.6.1.LTS/include" --reread_libs --diag_wrap=off --display_error_number --warn_sections --xml_link_info="BreathingLights_2_linkInfo.xml" --use_hw_mpy=F5 --rom_model -o "BreathingLights_2.out" "./main.obj" "../lnk_msp430f5529.cmd"  -llibmath.a -llibc.a 
<Linking>
remark #10371-D: (ULP 1.1) Detected no uses of low power mode state changing instructions
remark #10372-D: (ULP 4.1) Detected uninitialized Port A in this project. Recommend initializing all unused ports to eliminate wasted current consumption on unused pins.
remark #10372-D: (ULP 4.1) Detected uninitialized Port B in this project. Recommend initializing all unused ports to eliminate wasted current consumption on unused pins.
remark #10372-D: (ULP 4.1) Detected uninitialized Port C in this project. Recommend initializing all unused ports to eliminate wasted current consumption on unused pins.
remark #10372-D: (ULP 4.1) Detected uninitialized Port D in this project. Recommend initializing all unused ports to eliminate wasted current consumption on unused pins.
Finished building target: "BreathingLights_2.out"
 

**** Build Finished ****

**** Build of configuration Debug for project BreathingLights_2 ****

"D:\\CCS_Softeware\\ccs\\utils\\bin\\gmake" -k -j 16 all -O 
 
gmake[1]: 'BreathingLights_2.out' is up to date.

**** Build Finished ****

**** Build of configuration Debug for project BreathingLights_2 ****

"D:\\CCS_Softeware\\ccs\\utils\\bin\\gmake" -k -j 16 all -O 
 
Building file: "../main.c"
Invoking: MSP430 Compiler
"D:/CCS_Softeware/ccs/tools/compiler/ti-cgt-msp430_21.6.1.LTS/bin/cl430" -vmspx --data_model=restricted --use_hw_mpy=F5 --include_path="D:/CCS_Softeware/ccs/ccs_base/msp430/include" --include_path="E:/MSP430Practice/BreathingLights_2/BreathingLights_2" --include_path="D:/CCS_Softeware/ccs/tools/compiler/ti-cgt-msp430_21.6.1.LTS/include" --advice:power=all --define=__MSP430F5529__ -g --printf_support=minimal --diag_warning=225 --diag_wrap=off --display_error_number --silicon_errata=CPU21 --silicon_errata=CPU22 --silicon_errata=CPU23 --silicon_errata=CPU40 --preproc_with_compile --preproc_dependency="main.d_raw"  "../main.c"
"../main.c", line 10: warning #179-D: variable "PWMPeriod" was declared but never referenced
"../main.c", line 11: warning #179-D: variable "i" was declared but never referenced
"../main.c", line 10: remark #1535-D: (ULP 8.1) variable "PWMPeriod" is used as a constant. Recommend declaring variable as either 'static const' or 'const'
"../main.c", line 11: remark #1535-D: (ULP 8.1) variable "i" is used as a constant. Recommend declaring variable as either 'static const' or 'const'
Finished building: "../main.c"
 
Building target: "BreathingLights_2.out"
Invoking: MSP430 Linker
"D:/CCS_Softeware/ccs/tools/compiler/ti-cgt-msp430_21.6.1.LTS/bin/cl430" -vmspx --data_model=restricted --use_hw_mpy=F5 --advice:power=all --define=__MSP430F5529__ -g --printf_support=minimal --diag_warning=225 --diag_wrap=off --display_error_number --silicon_errata=CPU21 --silicon_errata=CPU22 --silicon_errata=CPU23 --silicon_errata=CPU40 -z -m"BreathingLights_2.map" --heap_size=160 --stack_size=160 --cinit_hold_wdt=on -i"D:/CCS_Softeware/ccs/ccs_base/msp430/include" -i"D:/CCS_Softeware/ccs/ccs_base/msp430/lib/5xx_6xx_FRxx" -i"D:/CCS_Softeware/ccs/tools/compiler/ti-cgt-msp430_21.6.1.LTS/lib" -i"D:/CCS_Softeware/ccs/tools/compiler/ti-cgt-msp430_21.6.1.LTS/include" --reread_libs --diag_wrap=off --display_error_number --warn_sections --xml_link_info="BreathingLights_2_linkInfo.xml" --use_hw_mpy=F5 --rom_model -o "BreathingLights_2.out" "./main.obj" "../lnk_msp430f5529.cmd"  -llibmath.a -llibc.a 
<Linking>
remark #10371-D: (ULP 1.1) Detected no uses of low power mode state changing instructions
remark #10372-D: (ULP 4.1) Detected uninitialized Port A in this project. Recommend initializing all unused ports to eliminate wasted current consumption on unused pins.
remark #10372-D: (ULP 4.1) Detected uninitialized Port B in this project. Recommend initializing all unused ports to eliminate wasted current consumption on unused pins.
remark #10372-D: (ULP 4.1) Detected uninitialized Port C in this project. Recommend initializing all unused ports to eliminate wasted current consumption on unused pins.
remark #10372-D: (ULP 4.1) Detected uninitialized Port D in this project. Recommend initializing all unused ports to eliminate wasted current consumption on unused pins.
Finished building target: "BreathingLights_2.out"
 

**** Build Finished ****

**** Build of configuration Debug for project BreathingLights_2 ****

"D:\\CCS_Softeware\\ccs\\utils\\bin\\gmake" -k -j 16 all -O 
 
gmake[1]: 'BreathingLights_2.out' is up to date.

**** Build Finished ****

**** Build of configuration Debug for project BreathingLights_2 ****

"D:\\CCS_Softeware\\ccs\\utils\\bin\\gmake" -k -j 16 all -O 
 
Building file: "../main.c"
Invoking: MSP430 Compiler
"D:/CCS_Softeware/ccs/tools/compiler/ti-cgt-msp430_21.6.1.LTS/bin/cl430" -vmspx --data_model=restricted --use_hw_mpy=F5 --include_path="D:/CCS_Softeware/ccs/ccs_base/msp430/include" --include_path="E:/MSP430Practice/BreathingLights_2/BreathingLights_2" --include_path="D:/CCS_Softeware/ccs/tools/compiler/ti-cgt-msp430_21.6.1.LTS/include" --advice:power=all --define=__MSP430F5529__ -g --printf_support=minimal --diag_warning=225 --diag_wrap=off --display_error_number --silicon_errata=CPU21 --silicon_errata=CPU22 --silicon_errata=CPU23 --silicon_errata=CPU40 --preproc_with_compile --preproc_dependency="main.d_raw"  "../main.c"
"../main.c", line 10: warning #179-D: variable "PWMPeriod" was declared but never referenced
"../main.c", line 11: warning #179-D: variable "i" was declared but never referenced
"../main.c", line 10: remark #1535-D: (ULP 8.1) variable "PWMPeriod" is used as a constant. Recommend declaring variable as either 'static const' or 'const'
"../main.c", line 11: remark #1535-D: (ULP 8.1) variable "i" is used as a constant. Recommend declaring variable as either 'static const' or 'const'
Finished building: "../main.c"
 
Building target: "BreathingLights_2.out"
Invoking: MSP430 Linker
"D:/CCS_Softeware/ccs/tools/compiler/ti-cgt-msp430_21.6.1.LTS/bin/cl430" -vmspx --data_model=restricted --use_hw_mpy=F5 --advice:power=all --define=__MSP430F5529__ -g --printf_support=minimal --diag_warning=225 --diag_wrap=off --display_error_number --silicon_errata=CPU21 --silicon_errata=CPU22 --silicon_errata=CPU23 --silicon_errata=CPU40 -z -m"BreathingLights_2.map" --heap_size=160 --stack_size=160 --cinit_hold_wdt=on -i"D:/CCS_Softeware/ccs/ccs_base/msp430/include" -i"D:/CCS_Softeware/ccs/ccs_base/msp430/lib/5xx_6xx_FRxx" -i"D:/CCS_Softeware/ccs/tools/compiler/ti-cgt-msp430_21.6.1.LTS/lib" -i"D:/CCS_Softeware/ccs/tools/compiler/ti-cgt-msp430_21.6.1.LTS/include" --reread_libs --diag_wrap=off --display_error_number --warn_sections --xml_link_info="BreathingLights_2_linkInfo.xml" --use_hw_mpy=F5 --rom_model -o "BreathingLights_2.out" "./main.obj" "../lnk_msp430f5529.cmd"  -llibmath.a -llibc.a 
<Linking>
remark #10371-D: (ULP 1.1) Detected no uses of low power mode state changing instructions
remark #10372-D: (ULP 4.1) Detected uninitialized Port A in this project. Recommend initializing all unused ports to eliminate wasted current consumption on unused pins.
remark #10372-D: (ULP 4.1) Detected uninitialized Port B in this project. Recommend initializing all unused ports to eliminate wasted current consumption on unused pins.
remark #10372-D: (ULP 4.1) Detected uninitialized Port C in this project. Recommend initializing all unused ports to eliminate wasted current consumption on unused pins.
remark #10372-D: (ULP 4.1) Detected uninitialized Port D in this project. Recommend initializing all unused ports to eliminate wasted current consumption on unused pins.
Finished building target: "BreathingLights_2.out"
 

**** Build Finished ****

**** Build of configuration Debug for project BreathingLights_2 ****

"D:\\CCS_Softeware\\ccs\\utils\\bin\\gmake" -k -j 16 all -O 
 
gmake[1]: 'BreathingLights_2.out' is up to date.

**** Build Finished ****

**** Build of configuration Debug for project BreathingLights_2 ****

"D:\\CCS_Softeware\\ccs\\utils\\bin\\gmake" -k -j 16 all -O 
 
Building file: "../main.c"
Invoking: MSP430 Compiler
"D:/CCS_Softeware/ccs/tools/compiler/ti-cgt-msp430_21.6.1.LTS/bin/cl430" -vmspx --data_model=restricted --use_hw_mpy=F5 --include_path="D:/CCS_Softeware/ccs/ccs_base/msp430/include" --include_path="E:/MSP430Practice/BreathingLights_2/BreathingLights_2" --include_path="D:/CCS_Softeware/ccs/tools/compiler/ti-cgt-msp430_21.6.1.LTS/include" --advice:power=all --define=__MSP430F5529__ -g --printf_support=minimal --diag_warning=225 --diag_wrap=off --display_error_number --silicon_errata=CPU21 --silicon_errata=CPU22 --silicon_errata=CPU23 --silicon_errata=CPU40 --preproc_with_compile --preproc_dependency="main.d_raw"  "../main.c"
"../main.c", line 10: warning #179-D: variable "PWMPeriod" was declared but never referenced
"../main.c", line 11: warning #179-D: variable "i" was declared but never referenced
"../main.c", line 10: remark #1535-D: (ULP 8.1) variable "PWMPeriod" is used as a constant. Recommend declaring variable as either 'static const' or 'const'
"../main.c", line 11: remark #1535-D: (ULP 8.1) variable "i" is used as a constant. Recommend declaring variable as either 'static const' or 'const'
Finished building: "../main.c"
 
Building target: "BreathingLights_2.out"
Invoking: MSP430 Linker
"D:/CCS_Softeware/ccs/tools/compiler/ti-cgt-msp430_21.6.1.LTS/bin/cl430" -vmspx --data_model=restricted --use_hw_mpy=F5 --advice:power=all --define=__MSP430F5529__ -g --printf_support=minimal --diag_warning=225 --diag_wrap=off --display_error_number --silicon_errata=CPU21 --silicon_errata=CPU22 --silicon_errata=CPU23 --silicon_errata=CPU40 -z -m"BreathingLights_2.map" --heap_size=160 --stack_size=160 --cinit_hold_wdt=on -i"D:/CCS_Softeware/ccs/ccs_base/msp430/include" -i"D:/CCS_Softeware/ccs/ccs_base/msp430/lib/5xx_6xx_FRxx" -i"D:/CCS_Softeware/ccs/tools/compiler/ti-cgt-msp430_21.6.1.LTS/lib" -i"D:/CCS_Softeware/ccs/tools/compiler/ti-cgt-msp430_21.6.1.LTS/include" --reread_libs --diag_wrap=off --display_error_number --warn_sections --xml_link_info="BreathingLights_2_linkInfo.xml" --use_hw_mpy=F5 --rom_model -o "BreathingLights_2.out" "./main.obj" "../lnk_msp430f5529.cmd"  -llibmath.a -llibc.a 
<Linking>
remark #10371-D: (ULP 1.1) Detected no uses of low power mode state changing instructions
remark #10372-D: (ULP 4.1) Detected uninitialized Port A in this project. Recommend initializing all unused ports to eliminate wasted current consumption on unused pins.
remark #10372-D: (ULP 4.1) Detected uninitialized Port B in this project. Recommend initializing all unused ports to eliminate wasted current consumption on unused pins.
remark #10372-D: (ULP 4.1) Detected uninitialized Port C in this project. Recommend initializing all unused ports to eliminate wasted current consumption on unused pins.
remark #10372-D: (ULP 4.1) Detected uninitialized Port D in this project. Recommend initializing all unused ports to eliminate wasted current consumption on unused pins.
Finished building target: "BreathingLights_2.out"
 

**** Build Finished ****

**** Build of configuration Debug for project BreathingLights_2 ****

"D:\\CCS_Softeware\\ccs\\utils\\bin\\gmake" -k -j 16 all -O 
 
Building file: "../main.c"
Invoking: MSP430 Compiler
"D:/CCS_Softeware/ccs/tools/compiler/ti-cgt-msp430_21.6.1.LTS/bin/cl430" -vmspx --data_model=restricted --use_hw_mpy=F5 --include_path="D:/CCS_Softeware/ccs/ccs_base/msp430/include" --include_path="E:/MSP430Practice/BreathingLights_2/BreathingLights_2" --include_path="D:/CCS_Softeware/ccs/tools/compiler/ti-cgt-msp430_21.6.1.LTS/include" --advice:power=all --define=__MSP430F5529__ -g --printf_support=minimal --diag_warning=225 --diag_wrap=off --display_error_number --silicon_errata=CPU21 --silicon_errata=CPU22 --silicon_errata=CPU23 --silicon_errata=CPU40 --preproc_with_compile --preproc_dependency="main.d_raw"  "../main.c"
"../main.c", line 10: warning #179-D: variable "PWMPeriod" was declared but never referenced
"../main.c", line 11: warning #179-D: variable "i" was declared but never referenced
"../main.c", line 10: remark #1535-D: (ULP 8.1) variable "PWMPeriod" is used as a constant. Recommend declaring variable as either 'static const' or 'const'
"../main.c", line 11: remark #1535-D: (ULP 8.1) variable "i" is used as a constant. Recommend declaring variable as either 'static const' or 'const'
Finished building: "../main.c"
 
Building target: "BreathingLights_2.out"
Invoking: MSP430 Linker
"D:/CCS_Softeware/ccs/tools/compiler/ti-cgt-msp430_21.6.1.LTS/bin/cl430" -vmspx --data_model=restricted --use_hw_mpy=F5 --advice:power=all --define=__MSP430F5529__ -g --printf_support=minimal --diag_warning=225 --diag_wrap=off --display_error_number --silicon_errata=CPU21 --silicon_errata=CPU22 --silicon_errata=CPU23 --silicon_errata=CPU40 -z -m"BreathingLights_2.map" --heap_size=160 --stack_size=160 --cinit_hold_wdt=on -i"D:/CCS_Softeware/ccs/ccs_base/msp430/include" -i"D:/CCS_Softeware/ccs/ccs_base/msp430/lib/5xx_6xx_FRxx" -i"D:/CCS_Softeware/ccs/tools/compiler/ti-cgt-msp430_21.6.1.LTS/lib" -i"D:/CCS_Softeware/ccs/tools/compiler/ti-cgt-msp430_21.6.1.LTS/include" --reread_libs --diag_wrap=off --display_error_number --warn_sections --xml_link_info="BreathingLights_2_linkInfo.xml" --use_hw_mpy=F5 --rom_model -o "BreathingLights_2.out" "./main.obj" "../lnk_msp430f5529.cmd"  -llibmath.a -llibc.a 
<Linking>
remark #10371-D: (ULP 1.1) Detected no uses of low power mode state changing instructions
remark #10372-D: (ULP 4.1) Detected uninitialized Port A in this project. Recommend initializing all unused ports to eliminate wasted current consumption on unused pins.
remark #10372-D: (ULP 4.1) Detected uninitialized Port B in this project. Recommend initializing all unused ports to eliminate wasted current consumption on unused pins.
remark #10372-D: (ULP 4.1) Detected uninitialized Port C in this project. Recommend initializing all unused ports to eliminate wasted current consumption on unused pins.
remark #10372-D: (ULP 4.1) Detected uninitialized Port D in this project. Recommend initializing all unused ports to eliminate wasted current consumption on unused pins.
Finished building target: "BreathingLights_2.out"
 

**** Build Finished ****

**** Build of configuration Debug for project BreathingLights_2 ****

"D:\\CCS_Softeware\\ccs\\utils\\bin\\gmake" -k -j 16 all -O 
 
gmake[1]: 'BreathingLights_2.out' is up to date.

**** Build Finished ****

**** Build of configuration Debug for project BreathingLights_2 ****

"D:\\CCS_Softeware\\ccs\\utils\\bin\\gmake" -k -j 16 all -O 
 
Building file: "../main.c"
Invoking: MSP430 Compiler
"D:/CCS_Softeware/ccs/tools/compiler/ti-cgt-msp430_21.6.1.LTS/bin/cl430" -vmspx --data_model=restricted --use_hw_mpy=F5 --include_path="D:/CCS_Softeware/ccs/ccs_base/msp430/include" --include_path="E:/MSP430Practice/BreathingLights_2/BreathingLights_2" --include_path="D:/CCS_Softeware/ccs/tools/compiler/ti-cgt-msp430_21.6.1.LTS/include" --advice:power=all --define=__MSP430F5529__ -g --printf_support=minimal --diag_warning=225 --diag_wrap=off --display_error_number --silicon_errata=CPU21 --silicon_errata=CPU22 --silicon_errata=CPU23 --silicon_errata=CPU40 --preproc_with_compile --preproc_dependency="main.d_raw"  "../main.c"
Finished building: "../main.c"
 
Building target: "BreathingLights_2.out"
Invoking: MSP430 Linker
"D:/CCS_Softeware/ccs/tools/compiler/ti-cgt-msp430_21.6.1.LTS/bin/cl430" -vmspx --data_model=restricted --use_hw_mpy=F5 --advice:power=all --define=__MSP430F5529__ -g --printf_support=minimal --diag_warning=225 --diag_wrap=off --display_error_number --silicon_errata=CPU21 --silicon_errata=CPU22 --silicon_errata=CPU23 --silicon_errata=CPU40 -z -m"BreathingLights_2.map" --heap_size=160 --stack_size=160 --cinit_hold_wdt=on -i"D:/CCS_Softeware/ccs/ccs_base/msp430/include" -i"D:/CCS_Softeware/ccs/ccs_base/msp430/lib/5xx_6xx_FRxx" -i"D:/CCS_Softeware/ccs/tools/compiler/ti-cgt-msp430_21.6.1.LTS/lib" -i"D:/CCS_Softeware/ccs/tools/compiler/ti-cgt-msp430_21.6.1.LTS/include" --reread_libs --diag_wrap=off --display_error_number --warn_sections --xml_link_info="BreathingLights_2_linkInfo.xml" --use_hw_mpy=F5 --rom_model -o "BreathingLights_2.out" "./main.obj" "../lnk_msp430f5529.cmd"  -llibmath.a -llibc.a 
<Linking>
remark #10371-D: (ULP 1.1) Detected no uses of low power mode state changing instructions
remark #10372-D: (ULP 4.1) Detected uninitialized Port A in this project. Recommend initializing all unused ports to eliminate wasted current consumption on unused pins.
remark #10372-D: (ULP 4.1) Detected uninitialized Port B in this project. Recommend initializing all unused ports to eliminate wasted current consumption on unused pins.
remark #10372-D: (ULP 4.1) Detected uninitialized Port C in this project. Recommend initializing all unused ports to eliminate wasted current consumption on unused pins.
remark #10372-D: (ULP 4.1) Detected uninitialized Port D in this project. Recommend initializing all unused ports to eliminate wasted current consumption on unused pins.
Finished building target: "BreathingLights_2.out"
 

**** Build Finished ****

**** Build of configuration Debug for project BreathingLights_2 ****

"D:\\CCS_Softeware\\ccs\\utils\\bin\\gmake" -k -j 16 all -O 
 
gmake[1]: 'BreathingLights_2.out' is up to date.

**** Build Finished ****

**** Build of configuration Debug for project BreathingLights_2 ****

"D:\\CCS_Softeware\\ccs\\utils\\bin\\gmake" -k -j 16 all -O 
 
Building file: "../main.c"
Invoking: MSP430 Compiler
"D:/CCS_Softeware/ccs/tools/compiler/ti-cgt-msp430_21.6.1.LTS/bin/cl430" -vmspx --data_model=restricted --use_hw_mpy=F5 --include_path="D:/CCS_Softeware/ccs/ccs_base/msp430/include" --include_path="E:/MSP430Practice/BreathingLights_2/BreathingLights_2" --include_path="D:/CCS_Softeware/ccs/tools/compiler/ti-cgt-msp430_21.6.1.LTS/include" --advice:power=all --define=__MSP430F5529__ -g --printf_support=minimal --diag_warning=225 --diag_wrap=off --display_error_number --silicon_errata=CPU21 --silicon_errata=CPU22 --silicon_errata=CPU23 --silicon_errata=CPU40 --preproc_with_compile --preproc_dependency="main.d_raw"  "../main.c"
 
>> Compilation failure
subdir_rules.mk:9: recipe for target 'main.obj' failed
"../main.c", line 20: error #20: identifier "TACCTL1" is undefined
1 error detected in the compilation of "../main.c".
gmake: *** [main.obj] Error 1
gmake: Target 'all' not remade because of errors.

**** Build Finished ****

**** Build of configuration Debug for project BreathingLights_2 ****

"D:\\CCS_Softeware\\ccs\\utils\\bin\\gmake" -k -j 16 all -O 
 
Building file: "../main.c"
Invoking: MSP430 Compiler
"D:/CCS_Softeware/ccs/tools/compiler/ti-cgt-msp430_21.6.1.LTS/bin/cl430" -vmspx --data_model=restricted --use_hw_mpy=F5 --include_path="D:/CCS_Softeware/ccs/ccs_base/msp430/include" --include_path="E:/MSP430Practice/BreathingLights_2/BreathingLights_2" --include_path="D:/CCS_Softeware/ccs/tools/compiler/ti-cgt-msp430_21.6.1.LTS/include" --advice:power=all --define=__MSP430F5529__ -g --printf_support=minimal --diag_warning=225 --diag_wrap=off --display_error_number --silicon_errata=CPU21 --silicon_errata=CPU22 --silicon_errata=CPU23 --silicon_errata=CPU40 --preproc_with_compile --preproc_dependency="main.d_raw"  "../main.c"
 
>> Compilation failure
subdir_rules.mk:9: recipe for target 'main.obj' failed
"../main.c", line 20: error #20: identifier "TACCTL1" is undefined
1 error detected in the compilation of "../main.c".
gmake: *** [main.obj] Error 1
gmake: Target 'all' not remade because of errors.

**** Build Finished ****

**** Build of configuration Debug for project BreathingLights_2 ****

"D:\\CCS_Softeware\\ccs\\utils\\bin\\gmake" -k -j 16 all -O 
 
Building file: "../main.c"
Invoking: MSP430 Compiler
"D:/CCS_Softeware/ccs/tools/compiler/ti-cgt-msp430_21.6.1.LTS/bin/cl430" -vmspx --data_model=restricted --use_hw_mpy=F5 --include_path="D:/CCS_Softeware/ccs/ccs_base/msp430/include" --include_path="E:/MSP430Practice/BreathingLights_2/BreathingLights_2" --include_path="D:/CCS_Softeware/ccs/tools/compiler/ti-cgt-msp430_21.6.1.LTS/include" --advice:power=all --define=__MSP430F5529__ -g --printf_support=minimal --diag_warning=225 --diag_wrap=off --display_error_number --silicon_errata=CPU21 --silicon_errata=CPU22 --silicon_errata=CPU23 --silicon_errata=CPU40 --preproc_with_compile --preproc_dependency="main.d_raw"  "../main.c"
Finished building: "../main.c"
 
Building target: "BreathingLights_2.out"
Invoking: MSP430 Linker
"D:/CCS_Softeware/ccs/tools/compiler/ti-cgt-msp430_21.6.1.LTS/bin/cl430" -vmspx --data_model=restricted --use_hw_mpy=F5 --advice:power=all --define=__MSP430F5529__ -g --printf_support=minimal --diag_warning=225 --diag_wrap=off --display_error_number --silicon_errata=CPU21 --silicon_errata=CPU22 --silicon_errata=CPU23 --silicon_errata=CPU40 -z -m"BreathingLights_2.map" --heap_size=160 --stack_size=160 --cinit_hold_wdt=on -i"D:/CCS_Softeware/ccs/ccs_base/msp430/include" -i"D:/CCS_Softeware/ccs/ccs_base/msp430/lib/5xx_6xx_FRxx" -i"D:/CCS_Softeware/ccs/tools/compiler/ti-cgt-msp430_21.6.1.LTS/lib" -i"D:/CCS_Softeware/ccs/tools/compiler/ti-cgt-msp430_21.6.1.LTS/include" --reread_libs --diag_wrap=off --display_error_number --warn_sections --xml_link_info="BreathingLights_2_linkInfo.xml" --use_hw_mpy=F5 --rom_model -o "BreathingLights_2.out" "./main.obj" "../lnk_msp430f5529.cmd"  -llibmath.a -llibc.a 
<Linking>
remark #10371-D: (ULP 1.1) Detected no uses of low power mode state changing instructions
remark #10372-D: (ULP 4.1) Detected uninitialized Port A in this project. Recommend initializing all unused ports to eliminate wasted current consumption on unused pins.
remark #10372-D: (ULP 4.1) Detected uninitialized Port B in this project. Recommend initializing all unused ports to eliminate wasted current consumption on unused pins.
remark #10372-D: (ULP 4.1) Detected uninitialized Port C in this project. Recommend initializing all unused ports to eliminate wasted current consumption on unused pins.
remark #10372-D: (ULP 4.1) Detected uninitialized Port D in this project. Recommend initializing all unused ports to eliminate wasted current consumption on unused pins.
Finished building target: "BreathingLights_2.out"
 

**** Build Finished ****

**** Build of configuration Debug for project BreathingLights_2 ****

"D:\\CCS_Softeware\\ccs\\utils\\bin\\gmake" -k -j 16 all -O 
 
gmake[1]: 'BreathingLights_2.out' is up to date.

**** Build Finished ****

**** Build of configuration Debug for project BreathingLights_2 ****

"D:\\CCS_Softeware\\ccs\\utils\\bin\\gmake" -k -j 16 all -O 
 
Building file: "../main.c"
Invoking: MSP430 Compiler
"D:/CCS_Softeware/ccs/tools/compiler/ti-cgt-msp430_21.6.1.LTS/bin/cl430" -vmspx --data_model=restricted --use_hw_mpy=F5 --include_path="D:/CCS_Softeware/ccs/ccs_base/msp430/include" --include_path="E:/MSP430Practice/BreathingLights_2/BreathingLights_2" --include_path="D:/CCS_Softeware/ccs/tools/compiler/ti-cgt-msp430_21.6.1.LTS/include" --advice:power=all --define=__MSP430F5529__ -g --printf_support=minimal --diag_warning=225 --diag_wrap=off --display_error_number --silicon_errata=CPU21 --silicon_errata=CPU22 --silicon_errata=CPU23 --silicon_errata=CPU40 --preproc_with_compile --preproc_dependency="main.d_raw"  "../main.c"
Finished building: "../main.c"
 
Building target: "BreathingLights_2.out"
Invoking: MSP430 Linker
"D:/CCS_Softeware/ccs/tools/compiler/ti-cgt-msp430_21.6.1.LTS/bin/cl430" -vmspx --data_model=restricted --use_hw_mpy=F5 --advice:power=all --define=__MSP430F5529__ -g --printf_support=minimal --diag_warning=225 --diag_wrap=off --display_error_number --silicon_errata=CPU21 --silicon_errata=CPU22 --silicon_errata=CPU23 --silicon_errata=CPU40 -z -m"BreathingLights_2.map" --heap_size=160 --stack_size=160 --cinit_hold_wdt=on -i"D:/CCS_Softeware/ccs/ccs_base/msp430/include" -i"D:/CCS_Softeware/ccs/ccs_base/msp430/lib/5xx_6xx_FRxx" -i"D:/CCS_Softeware/ccs/tools/compiler/ti-cgt-msp430_21.6.1.LTS/lib" -i"D:/CCS_Softeware/ccs/tools/compiler/ti-cgt-msp430_21.6.1.LTS/include" --reread_libs --diag_wrap=off --display_error_number --warn_sections --xml_link_info="BreathingLights_2_linkInfo.xml" --use_hw_mpy=F5 --rom_model -o "BreathingLights_2.out" "./main.obj" "../lnk_msp430f5529.cmd"  -llibmath.a -llibc.a 
<Linking>
remark #10371-D: (ULP 1.1) Detected no uses of low power mode state changing instructions
remark #10372-D: (ULP 4.1) Detected uninitialized Port A in this project. Recommend initializing all unused ports to eliminate wasted current consumption on unused pins.
remark #10372-D: (ULP 4.1) Detected uninitialized Port B in this project. Recommend initializing all unused ports to eliminate wasted current consumption on unused pins.
remark #10372-D: (ULP 4.1) Detected uninitialized Port C in this project. Recommend initializing all unused ports to eliminate wasted current consumption on unused pins.
remark #10372-D: (ULP 4.1) Detected uninitialized Port D in this project. Recommend initializing all unused ports to eliminate wasted current consumption on unused pins.
Finished building target: "BreathingLights_2.out"
 

**** Build Finished ****

**** Build of configuration Debug for project BreathingLights_2 ****

"D:\\CCS_Softeware\\ccs\\utils\\bin\\gmake" -k -j 16 all -O 
 
gmake[1]: 'BreathingLights_2.out' is up to date.

**** Build Finished ****

**** Build of configuration Debug for project BreathingLights_2 ****

"D:\\CCS_Softeware\\ccs\\utils\\bin\\gmake" -k -j 16 all -O 
 
gmake[1]: 'BreathingLights_2.out' is up to date.

**** Build Finished ****

**** Build of configuration Debug for project BreathingLights_2 ****

"D:\\CCS_Softeware\\ccs\\utils\\bin\\gmake" -k -j 16 all -O 
 
Building file: "../main.c"
Invoking: MSP430 Compiler
"D:/CCS_Softeware/ccs/tools/compiler/ti-cgt-msp430_21.6.1.LTS/bin/cl430" -vmspx --data_model=restricted --use_hw_mpy=F5 --include_path="D:/CCS_Softeware/ccs/ccs_base/msp430/include" --include_path="E:/MSP430Practice/BreathingLights_2/BreathingLights_2" --include_path="D:/CCS_Softeware/ccs/tools/compiler/ti-cgt-msp430_21.6.1.LTS/include" --advice:power=all --define=__MSP430F5529__ -g --printf_support=minimal --diag_warning=225 --diag_wrap=off --display_error_number --silicon_errata=CPU21 --silicon_errata=CPU22 --silicon_errata=CPU23 --silicon_errata=CPU40 --preproc_with_compile --preproc_dependency="main.d_raw"  "../main.c"
Finished building: "../main.c"
 
Building target: "BreathingLights_2.out"
Invoking: MSP430 Linker
"D:/CCS_Softeware/ccs/tools/compiler/ti-cgt-msp430_21.6.1.LTS/bin/cl430" -vmspx --data_model=restricted --use_hw_mpy=F5 --advice:power=all --define=__MSP430F5529__ -g --printf_support=minimal --diag_warning=225 --diag_wrap=off --display_error_number --silicon_errata=CPU21 --silicon_errata=CPU22 --silicon_errata=CPU23 --silicon_errata=CPU40 -z -m"BreathingLights_2.map" --heap_size=160 --stack_size=160 --cinit_hold_wdt=on -i"D:/CCS_Softeware/ccs/ccs_base/msp430/include" -i"D:/CCS_Softeware/ccs/ccs_base/msp430/lib/5xx_6xx_FRxx" -i"D:/CCS_Softeware/ccs/tools/compiler/ti-cgt-msp430_21.6.1.LTS/lib" -i"D:/CCS_Softeware/ccs/tools/compiler/ti-cgt-msp430_21.6.1.LTS/include" --reread_libs --diag_wrap=off --display_error_number --warn_sections --xml_link_info="BreathingLights_2_linkInfo.xml" --use_hw_mpy=F5 --rom_model -o "BreathingLights_2.out" "./main.obj" "../lnk_msp430f5529.cmd"  -llibmath.a -llibc.a 
<Linking>
remark #10371-D: (ULP 1.1) Detected no uses of low power mode state changing instructions
remark #10372-D: (ULP 4.1) Detected uninitialized Port A in this project. Recommend initializing all unused ports to eliminate wasted current consumption on unused pins.
remark #10372-D: (ULP 4.1) Detected uninitialized Port B in this project. Recommend initializing all unused ports to eliminate wasted current consumption on unused pins.
remark #10372-D: (ULP 4.1) Detected uninitialized Port C in this project. Recommend initializing all unused ports to eliminate wasted current consumption on unused pins.
remark #10372-D: (ULP 4.1) Detected uninitialized Port D in this project. Recommend initializing all unused ports to eliminate wasted current consumption on unused pins.
Finished building target: "BreathingLights_2.out"
 

**** Build Finished ****

**** Build of configuration Debug for project BreathingLights_2 ****

"D:\\CCS_Softeware\\ccs\\utils\\bin\\gmake" -k -j 16 all -O 
 
gmake[1]: 'BreathingLights_2.out' is up to date.

**** Build Finished ****

**** Clean-only build of configuration Debug for project LEDFlashByTimer ****

"D:\\CCS_Softeware\\ccs\\utils\\bin\\gmake" -k -j 16 clean -O 
 
DEL /F  "BreathingLights_2.out" 
DEL /F "main.obj" 
DEL /F "main.d" 
Finished clean
 

**** Build Finished ****

**** Build of configuration Debug for project LEDFlashByTimer ****

"D:\\CCS_Softeware\\ccs\\utils\\bin\\gmake" -k -j 16 all -O 
 
Building file: "../main.c"
Invoking: MSP430 Compiler
"D:/CCS_Softeware/ccs/tools/compiler/ti-cgt-msp430_21.6.1.LTS/bin/cl430" -vmspx --data_model=restricted --use_hw_mpy=F5 --include_path="D:/CCS_Softeware/ccs/ccs_base/msp430/include" --include_path="E:/MSP430Practice/BreathingLights_2/LEDFlashByTimer" --include_path="D:/CCS_Softeware/ccs/tools/compiler/ti-cgt-msp430_21.6.1.LTS/include" --advice:power=all --define=__MSP430F5529__ -g --printf_support=minimal --diag_warning=225 --diag_wrap=off --display_error_number --silicon_errata=CPU21 --silicon_errata=CPU22 --silicon_errata=CPU23 --silicon_errata=CPU40 --preproc_with_compile --preproc_dependency="main.d_raw"  "../main.c"
Finished building: "../main.c"
 
Building target: "LEDFlashByTimer.out"
Invoking: MSP430 Linker
"D:/CCS_Softeware/ccs/tools/compiler/ti-cgt-msp430_21.6.1.LTS/bin/cl430" -vmspx --data_model=restricted --use_hw_mpy=F5 --advice:power=all --define=__MSP430F5529__ -g --printf_support=minimal --diag_warning=225 --diag_wrap=off --display_error_number --silicon_errata=CPU21 --silicon_errata=CPU22 --silicon_errata=CPU23 --silicon_errata=CPU40 -z -m"LEDFlashByTimer.map" --heap_size=160 --stack_size=160 --cinit_hold_wdt=on -i"D:/CCS_Softeware/ccs/ccs_base/msp430/include" -i"D:/CCS_Softeware/ccs/ccs_base/msp430/lib/5xx_6xx_FRxx" -i"D:/CCS_Softeware/ccs/tools/compiler/ti-cgt-msp430_21.6.1.LTS/lib" -i"D:/CCS_Softeware/ccs/tools/compiler/ti-cgt-msp430_21.6.1.LTS/include" --reread_libs --diag_wrap=off --display_error_number --warn_sections --xml_link_info="LEDFlashByTimer_linkInfo.xml" --use_hw_mpy=F5 --rom_model -o "LEDFlashByTimer.out" "./main.obj" "../lnk_msp430f5529.cmd"  -llibmath.a -llibc.a 
<Linking>
remark #10371-D: (ULP 1.1) Detected no uses of low power mode state changing instructions
remark #10372-D: (ULP 4.1) Detected uninitialized Port A in this project. Recommend initializing all unused ports to eliminate wasted current consumption on unused pins.
remark #10372-D: (ULP 4.1) Detected uninitialized Port B in this project. Recommend initializing all unused ports to eliminate wasted current consumption on unused pins.
remark #10372-D: (ULP 4.1) Detected uninitialized Port C in this project. Recommend initializing all unused ports to eliminate wasted current consumption on unused pins.
remark #10372-D: (ULP 4.1) Detected uninitialized Port D in this project. Recommend initializing all unused ports to eliminate wasted current consumption on unused pins.
Finished building target: "LEDFlashByTimer.out"
 

**** Build Finished ****
